core.init: Checking for fconfig files in pwd and ./rosetta/flags 
core.init: Rosetta version: rosetta.source.release-280 r280 2021.16+release.8ee4f02 8ee4f02ac5768a8a339ffada74cb0ff5f778b3e6 https://www.rosettacommons.org 2021-04-20T20:57:38.289184
core.init: command: /dors/meilerlab/apps/rosetta/rosetta-3.13/main/source/bin/rosetta_scripts.default.linuxgccrelease -s Rfn_P62_monomer_A.pdb -parser:protocol FastDesign.xml @FastDesign.options -nstruct 1 -out:file:scorefile FD_score.sc -out:prefix Des_
basic.random.init_random_generator: 'RNG device' seed mode, using '/dev/urandom', seed=604116694 seed_offset=0 real_seed=604116694
basic.random.init_random_generator: RandomGenerator:init: Normal mode, seed=604116694 RG_type=mt19937
core.init: Resolved executable path: /dors/meilerlab/apps/rosetta/rosetta-3.13/main/source/build/src/release/linux/3.10/64/x86/gcc/5.2/default/rosetta_scripts.default.linuxgccrelease
core.init: Looking for database based on location of executable: /dors/meilerlab/apps/rosetta/rosetta-3.13/main/database/
protocols.jd2.PDBJobInputter: Instantiate PDBJobInputter
protocols.jd2.PDBJobInputter: PDBJobInputter::fill_jobs
protocols.jd2.PDBJobInputter: pushed Rfn_P62_monomer_A.pdb nstruct index 1
protocols.evaluation.ChiWellRmsdEvaluatorCreator: Evaluation Creator active ... 
protocols.jd2.PDBJobInputter: PDBJobInputter::pose_from_job
protocols.jd2.PDBJobInputter: filling pose from PDB Rfn_P62_monomer_A.pdb
core.chemical.GlobalResidueTypeSet: Finished initializing fa_standard residue type set.  Created 984 residue types
core.chemical.GlobalResidueTypeSet: Total time to initialize 1.49109 seconds.
core.import_pose.import_pose: File 'Rfn_P62_monomer_A.pdb' automatically determined to be of type PDB
core.conformation.Conformation: Found disulfide between residues 8 17
core.conformation.Conformation: current variant for 8 CYS
core.conformation.Conformation: current variant for 17 CYS
core.conformation.Conformation: current variant for 8 CYD
core.conformation.Conformation: current variant for 17 CYD
core.conformation.Conformation: Found disulfide between residues 22 26
core.conformation.Conformation: current variant for 22 CYS
core.conformation.Conformation: current variant for 26 CYS
core.conformation.Conformation: current variant for 22 CYD
core.conformation.Conformation: current variant for 26 CYD
core.conformation.Conformation: Found disulfide between residues 25 57
core.conformation.Conformation: current variant for 25 CYS
core.conformation.Conformation: current variant for 57 CYS
core.conformation.Conformation: current variant for 25 CYD
core.conformation.Conformation: current variant for 57 CYD
core.conformation.Conformation: Found disulfide between residues 83 186
core.conformation.Conformation: current variant for 83 CYS
core.conformation.Conformation: current variant for 186 CYS
core.conformation.Conformation: current variant for 83 CYD
core.conformation.Conformation: current variant for 186 CYD
core.conformation.Conformation: Found disulfide between residues 86 91
core.conformation.Conformation: current variant for 86 CYS
core.conformation.Conformation: current variant for 91 CYS
core.conformation.Conformation: current variant for 86 CYD
core.conformation.Conformation: current variant for 91 CYD
core.conformation.Conformation: Found disulfide between residues 153 167
core.conformation.Conformation: current variant for 153 CYS
core.conformation.Conformation: current variant for 167 CYS
core.conformation.Conformation: current variant for 153 CYD
core.conformation.Conformation: current variant for 167 CYD
core.conformation.Conformation: Found disulfide between residues 214 327
core.conformation.Conformation: current variant for 214 CYS
core.conformation.Conformation: current variant for 327 CYS
core.conformation.Conformation: current variant for 214 CYD
core.conformation.Conformation: current variant for 327 CYD
core.conformation.Conformation: Found disulfide between residues 263 287
core.conformation.Conformation: current variant for 263 CYS
core.conformation.Conformation: current variant for 287 CYS
core.conformation.Conformation: current variant for 263 CYD
core.conformation.Conformation: current variant for 287 CYD
core.conformation.Conformation: Found disulfide between residues 265 281
core.conformation.Conformation: current variant for 265 CYS
core.conformation.Conformation: current variant for 281 CYS
core.conformation.Conformation: current variant for 265 CYD
core.conformation.Conformation: current variant for 281 CYD
core.conformation.Conformation: Found disulfide between residues 496 561
core.conformation.Conformation: current variant for 496 CYS
core.conformation.Conformation: current variant for 561 CYS
core.conformation.Conformation: current variant for 496 CYD
core.conformation.Conformation: current variant for 561 CYD
core.conformation.Conformation: Found disulfide between residues 509 541
core.conformation.Conformation: current variant for 509 CYS
core.conformation.Conformation: current variant for 541 CYS
core.conformation.Conformation: current variant for 509 CYD
core.conformation.Conformation: current variant for 541 CYD
core.conformation.Conformation: Found disulfide between residues 510 543
core.conformation.Conformation: current variant for 510 CYS
core.conformation.Conformation: current variant for 543 CYS
core.conformation.Conformation: current variant for 510 CYD
core.conformation.Conformation: current variant for 543 CYD
core.conformation.Conformation: Found disulfide between residues 515 525
core.conformation.Conformation: current variant for 515 CYS
core.conformation.Conformation: current variant for 525 CYS
core.conformation.Conformation: current variant for 515 CYD
core.conformation.Conformation: current variant for 525 CYD
core.conformation.Conformation: Found disulfide between residues 707 719
core.conformation.Conformation: current variant for 707 CYS
core.conformation.Conformation: current variant for 719 CYS
core.conformation.Conformation: current variant for 707 CYD
core.conformation.Conformation: current variant for 719 CYD
core.conformation.Conformation: Found disulfide between residues 749 824
core.conformation.Conformation: current variant for 749 CYS
core.conformation.Conformation: current variant for 824 CYS
core.conformation.Conformation: current variant for 749 CYD
core.conformation.Conformation: current variant for 824 CYD
core.conformation.Conformation: Found disulfide between residues 754 828
core.conformation.Conformation: current variant for 754 CYS
core.conformation.Conformation: current variant for 828 CYS
core.conformation.Conformation: current variant for 754 CYD
core.conformation.Conformation: current variant for 828 CYD
core.conformation.Conformation: Found disulfide between residues 776 818
core.conformation.Conformation: current variant for 776 CYS
core.conformation.Conformation: current variant for 818 CYS
core.conformation.Conformation: current variant for 776 CYD
core.conformation.Conformation: current variant for 818 CYD
protocols.rosetta_scripts.RosettaScriptsParser: dock_design_filename=FastDesign.xml
protocols.rosetta_scripts.RosettaScriptsParser: Generating XML Schema for rosetta_scripts...
protocols.rosetta_scripts.RosettaScriptsParser: ...done
protocols.rosetta_scripts.RosettaScriptsParser: Initializing schema validator...
protocols.rosetta_scripts.RosettaScriptsParser: ...done
protocols.rosetta_scripts.RosettaScriptsParser: Validating input script...
protocols.rosetta_scripts.RosettaScriptsParser: ...done
protocols.rosetta_scripts.RosettaScriptsParser: Parsed script:
<ROSETTASCRIPTS>
	<TASKOPERATIONS>
		<ReadResfile filename="s10.resfile" name="resfile"/>
	</TASKOPERATIONS>
	<SCOREFXNS>
		<ScoreFunction name="REF15" weights="ref2015"/>
	</SCOREFXNS>
	<MOVERS>
		<FastDesign disable_design="false" name="design" relaxscript="MonomerDesign2019" repeats="2" task_operations="resfile"/>
		<FastRelax disable_design="1" name="FR" scorefxn="REF15"/>
	</MOVERS>
	<PROTOCOLS>
		<Add mover_name="design"/>
		<Add mover="FR"/>
	</PROTOCOLS>
</ROSETTASCRIPTS>
core.scoring.ScoreFunctionFactory: SCOREFUNCTION: ref2015
core.scoring.etable: Starting energy table calculation
core.scoring.etable: smooth_etable: changing atr/rep split to bottom of energy well
core.scoring.etable: smooth_etable: spline smoothing lj etables (maxdis = 6)
core.scoring.etable: smooth_etable: spline smoothing solvation etables (max_dis = 6)
core.scoring.etable: Finished calculating energy tables.
basic.io.database: Database file opened: scoring/score_functions/hbonds/ref2015_params/HBPoly1D.csv
basic.io.database: Database file opened: scoring/score_functions/hbonds/ref2015_params/HBFadeIntervals.csv
basic.io.database: Database file opened: scoring/score_functions/hbonds/ref2015_params/HBEval.csv
basic.io.database: Database file opened: scoring/score_functions/hbonds/ref2015_params/DonStrength.csv
basic.io.database: Database file opened: scoring/score_functions/hbonds/ref2015_params/AccStrength.csv
basic.io.database: Database file opened: scoring/score_functions/rama/fd/all.ramaProb
Got some signal... It is:2
Signal 2 (SIGINT) means that the process was interrupted, usually by the user (e.g. Ctrl+C was pressed).
