core.init: Checking for fconfig files in pwd and ./rosetta/flags 
core.init: Rosetta version: rosetta.source.release-280 r280 2021.16+release.8ee4f02 8ee4f02ac5768a8a339ffada74cb0ff5f778b3e6 https://www.rosettacommons.org 2021-04-20T20:57:38.289184
core.init: command: /dors/meilerlab/apps/rosetta/rosetta-3.13/main/source/bin/rosetta_scripts.default.linuxgccrelease -s Rfn_P62_monomer_A.pdb -parser:protocol FastDesign.xml @FastDesign.options -nstruct 1 -out:file:scorefile FD_score.sc -out:prefix Des_
basic.random.init_random_generator: 'RNG device' seed mode, using '/dev/urandom', seed=-1519482726 seed_offset=0 real_seed=-1519482726
basic.random.init_random_generator: RandomGenerator:init: Normal mode, seed=-1519482726 RG_type=mt19937
core.init: Resolved executable path: /dors/meilerlab/apps/rosetta/rosetta-3.13/main/source/build/src/release/linux/3.10/64/x86/gcc/5.2/default/rosetta_scripts.default.linuxgccrelease
core.init: Looking for database based on location of executable: /dors/meilerlab/apps/rosetta/rosetta-3.13/main/database/
protocols.jd2.PDBJobInputter: Instantiate PDBJobInputter
protocols.jd2.PDBJobInputter: PDBJobInputter::fill_jobs
protocols.jd2.PDBJobInputter: pushed Rfn_P62_monomer_A.pdb nstruct index 1
protocols.evaluation.ChiWellRmsdEvaluatorCreator: Evaluation Creator active ... 
protocols.jd2.PDBJobInputter: PDBJobInputter::pose_from_job
protocols.jd2.PDBJobInputter: filling pose from PDB Rfn_P62_monomer_A.pdb
core.chemical.GlobalResidueTypeSet: Finished initializing fa_standard residue type set.  Created 984 residue types
core.chemical.GlobalResidueTypeSet: Total time to initialize 1.64094 seconds.
core.import_pose.import_pose: File 'Rfn_P62_monomer_A.pdb' automatically determined to be of type PDB
core.conformation.Conformation: Found disulfide between residues 8 17
core.conformation.Conformation: current variant for 8 CYS
core.conformation.Conformation: current variant for 17 CYS
core.conformation.Conformation: current variant for 8 CYD
core.conformation.Conformation: current variant for 17 CYD
core.conformation.Conformation: Found disulfide between residues 22 26
core.conformation.Conformation: current variant for 22 CYS
core.conformation.Conformation: current variant for 26 CYS
core.conformation.Conformation: current variant for 22 CYD
core.conformation.Conformation: current variant for 26 CYD
core.conformation.Conformation: Found disulfide between residues 25 57
core.conformation.Conformation: current variant for 25 CYS
core.conformation.Conformation: current variant for 57 CYS
core.conformation.Conformation: current variant for 25 CYD
core.conformation.Conformation: current variant for 57 CYD
core.conformation.Conformation: Found disulfide between residues 83 186
core.conformation.Conformation: current variant for 83 CYS
core.conformation.Conformation: current variant for 186 CYS
core.conformation.Conformation: current variant for 83 CYD
core.conformation.Conformation: current variant for 186 CYD
core.conformation.Conformation: Found disulfide between residues 86 91
core.conformation.Conformation: current variant for 86 CYS
core.conformation.Conformation: current variant for 91 CYS
core.conformation.Conformation: current variant for 86 CYD
core.conformation.Conformation: current variant for 91 CYD
core.conformation.Conformation: Found disulfide between residues 153 167
core.conformation.Conformation: current variant for 153 CYS
core.conformation.Conformation: current variant for 167 CYS
core.conformation.Conformation: current variant for 153 CYD
core.conformation.Conformation: current variant for 167 CYD
core.conformation.Conformation: Found disulfide between residues 214 327
core.conformation.Conformation: current variant for 214 CYS
core.conformation.Conformation: current variant for 327 CYS
core.conformation.Conformation: current variant for 214 CYD
core.conformation.Conformation: current variant for 327 CYD
core.conformation.Conformation: Found disulfide between residues 263 287
core.conformation.Conformation: current variant for 263 CYS
core.conformation.Conformation: current variant for 287 CYS
core.conformation.Conformation: current variant for 263 CYD
core.conformation.Conformation: current variant for 287 CYD
core.conformation.Conformation: Found disulfide between residues 265 281
core.conformation.Conformation: current variant for 265 CYS
core.conformation.Conformation: current variant for 281 CYS
core.conformation.Conformation: current variant for 265 CYD
core.conformation.Conformation: current variant for 281 CYD
core.conformation.Conformation: Found disulfide between residues 496 561
core.conformation.Conformation: current variant for 496 CYS
core.conformation.Conformation: current variant for 561 CYS
core.conformation.Conformation: current variant for 496 CYD
core.conformation.Conformation: current variant for 561 CYD
core.conformation.Conformation: Found disulfide between residues 509 541
core.conformation.Conformation: current variant for 509 CYS
core.conformation.Conformation: current variant for 541 CYS
core.conformation.Conformation: current variant for 509 CYD
core.conformation.Conformation: current variant for 541 CYD
core.conformation.Conformation: Found disulfide between residues 510 543
core.conformation.Conformation: current variant for 510 CYS
core.conformation.Conformation: current variant for 543 CYS
core.conformation.Conformation: current variant for 510 CYD
core.conformation.Conformation: current variant for 543 CYD
core.conformation.Conformation: Found disulfide between residues 515 525
core.conformation.Conformation: current variant for 515 CYS
core.conformation.Conformation: current variant for 525 CYS
core.conformation.Conformation: current variant for 515 CYD
core.conformation.Conformation: current variant for 525 CYD
core.conformation.Conformation: Found disulfide between residues 707 719
core.conformation.Conformation: current variant for 707 CYS
core.conformation.Conformation: current variant for 719 CYS
core.conformation.Conformation: current variant for 707 CYD
core.conformation.Conformation: current variant for 719 CYD
core.conformation.Conformation: Found disulfide between residues 749 824
core.conformation.Conformation: current variant for 749 CYS
core.conformation.Conformation: current variant for 824 CYS
core.conformation.Conformation: current variant for 749 CYD
core.conformation.Conformation: current variant for 824 CYD
core.conformation.Conformation: Found disulfide between residues 754 828
core.conformation.Conformation: current variant for 754 CYS
core.conformation.Conformation: current variant for 828 CYS
core.conformation.Conformation: current variant for 754 CYD
core.conformation.Conformation: current variant for 828 CYD
core.conformation.Conformation: Found disulfide between residues 776 818
core.conformation.Conformation: current variant for 776 CYS
core.conformation.Conformation: current variant for 818 CYS
core.conformation.Conformation: current variant for 776 CYD
core.conformation.Conformation: current variant for 818 CYD
protocols.rosetta_scripts.RosettaScriptsParser: dock_design_filename=FastDesign.xml
protocols.rosetta_scripts.RosettaScriptsParser: Generating XML Schema for rosetta_scripts...
protocols.rosetta_scripts.RosettaScriptsParser: ...done
protocols.rosetta_scripts.RosettaScriptsParser: Initializing schema validator...
protocols.rosetta_scripts.RosettaScriptsParser: ...done
protocols.rosetta_scripts.RosettaScriptsParser: Validating input script...
protocols.rosetta_scripts.RosettaScriptsParser: ...done
protocols.rosetta_scripts.RosettaScriptsParser: Parsed script:
<ROSETTASCRIPTS>
	<TASKOPERATIONS>
		<ReadResfile filename="s5.resfile" name="resfile"/>
	</TASKOPERATIONS>
	<SCOREFXNS>
		<ScoreFunction name="REF15" weights="ref2015"/>
	</SCOREFXNS>
	<MOVERS>
		<FastDesign disable_design="false" name="design" relaxscript="MonomerDesign2019" repeats="2" task_operations="resfile"/>
		<FastRelax disable_design="1" name="FR" scorefxn="REF15"/>
	</MOVERS>
	<PROTOCOLS>
		<Add mover_name="design"/>
		<Add mover="FR"/>
	</PROTOCOLS>
</ROSETTASCRIPTS>
core.scoring.ScoreFunctionFactory: SCOREFUNCTION: ref2015
core.scoring.etable: Starting energy table calculation
core.scoring.etable: smooth_etable: changing atr/rep split to bottom of energy well
core.scoring.etable: smooth_etable: spline smoothing lj etables (maxdis = 6)
core.scoring.etable: smooth_etable: spline smoothing solvation etables (max_dis = 6)
core.scoring.etable: Finished calculating energy tables.
basic.io.database: Database file opened: scoring/score_functions/hbonds/ref2015_params/HBPoly1D.csv
basic.io.database: Database file opened: scoring/score_functions/hbonds/ref2015_params/HBFadeIntervals.csv
basic.io.database: Database file opened: scoring/score_functions/hbonds/ref2015_params/HBEval.csv
basic.io.database: Database file opened: scoring/score_functions/hbonds/ref2015_params/DonStrength.csv
basic.io.database: Database file opened: scoring/score_functions/hbonds/ref2015_params/AccStrength.csv
basic.io.database: Database file opened: scoring/score_functions/rama/fd/all.ramaProb
basic.io.database: Database file opened: scoring/score_functions/rama/fd/prepro.ramaProb
basic.io.database: Database file opened: scoring/score_functions/omega/omega_ppdep.all.txt
basic.io.database: Database file opened: scoring/score_functions/omega/omega_ppdep.gly.txt
basic.io.database: Database file opened: scoring/score_functions/omega/omega_ppdep.pro.txt
basic.io.database: Database file opened: scoring/score_functions/omega/omega_ppdep.valile.txt
basic.io.database: Database file opened: scoring/score_functions/P_AA_pp/P_AA
basic.io.database: Database file opened: scoring/score_functions/P_AA_pp/P_AA_n
core.scoring.P_AA: shapovalov_lib::shap_p_aa_pp_smooth_level of 1( aka low_smooth ) got activated.
basic.io.database: Database file opened: scoring/score_functions/P_AA_pp/shapovalov/10deg/kappa131/a20.prop
core.scoring.etable: Starting energy table calculation
core.scoring.etable: smooth_etable: changing atr/rep split to bottom of energy well
core.scoring.etable: smooth_etable: spline smoothing lj etables (maxdis = 6)
core.scoring.etable: smooth_etable: spline smoothing solvation etables (max_dis = 6)
core.scoring.etable: Finished calculating energy tables.
basic.io.database: Database file opened: scoring/score_functions/PairEPotential/pdb_pair_stats_fine
basic.io.database: Database file opened: scoring/score_functions/InterchainPotential/interchain_env_log.txt
basic.io.database: Database file opened: scoring/score_functions/InterchainPotential/interchain_pair_log.txt
basic.io.database: Database file opened: scoring/score_functions/EnvPairPotential/env_log.txt
basic.io.database: Database file opened: scoring/score_functions/EnvPairPotential/cbeta_den.txt
basic.io.database: Database file opened: scoring/score_functions/EnvPairPotential/pair_log.txt
basic.io.database: Database file opened: scoring/score_functions/EnvPairPotential/cenpack_log.txt
core.scoring.ramachandran: shapovalov_lib::shap_rama_smooth_level of 4( aka highest_smooth ) got activated.
basic.io.database: Database file opened: scoring/score_functions/rama/shapovalov/kappa25/all.ramaProb
protocols.jd2.parser.TaskOperationLoader: Defined TaskOperation named "resfile" of type ReadResfile
protocols.jd2.parser.ScoreFunctionLoader: defined score function "REF15" with weights "ref2015"
protocols.relax.RelaxScriptManager: Reading relax scripts list from database.
core.scoring.ScoreFunctionFactory: SCOREFUNCTION: ref2015
protocols.relax.RelaxScriptManager: Looking for MonomerRelax2019.txt
protocols.relax.RelaxScriptManager: ================== Reading script file: /dors/meilerlab/apps/rosetta/rosetta-3.13/main/database/sampling/relax_scripts/MonomerRelax2019.txt ==================
protocols.relax.RelaxScriptManager: repeat %%nrepeats%%
protocols.relax.RelaxScriptManager: coord_cst_weight 1.0
protocols.relax.RelaxScriptManager: scale:fa_rep 0.040
protocols.relax.RelaxScriptManager: repack
protocols.relax.RelaxScriptManager: scale:fa_rep 0.051
protocols.relax.RelaxScriptManager: min 0.01
protocols.relax.RelaxScriptManager: coord_cst_weight 0.5
protocols.relax.RelaxScriptManager: scale:fa_rep 0.265
protocols.relax.RelaxScriptManager: repack
protocols.relax.RelaxScriptManager: scale:fa_rep 0.280
protocols.relax.RelaxScriptManager: min 0.01
protocols.relax.RelaxScriptManager: coord_cst_weight 0.0
protocols.relax.RelaxScriptManager: scale:fa_rep 0.559
protocols.relax.RelaxScriptManager: repack
protocols.relax.RelaxScriptManager: scale:fa_rep 0.581
protocols.relax.RelaxScriptManager: min 0.01
protocols.relax.RelaxScriptManager: coord_cst_weight 0.0
protocols.relax.RelaxScriptManager: scale:fa_rep 1
protocols.relax.RelaxScriptManager: repack
protocols.relax.RelaxScriptManager: min 0.00001
protocols.relax.RelaxScriptManager: accept_to_best
protocols.relax.RelaxScriptManager: endrepeat
core.pack.task.xml_util: Object design reading the following task_operations: Adding the following task operations
resfile 
protocols.relax.RelaxScriptManager: Looking for MonomerDesign2019.txt
protocols.relax.RelaxScriptManager: ================== Reading script file: /dors/meilerlab/apps/rosetta/rosetta-3.13/main/database/sampling/relax_scripts/MonomerDesign2019.txt ==================
protocols.relax.RelaxScriptManager: repeat %%nrepeats%%
protocols.relax.RelaxScriptManager: coord_cst_weight 1.0
protocols.relax.RelaxScriptManager: scale:fa_rep 0.059
protocols.relax.RelaxScriptManager: repack
protocols.relax.RelaxScriptManager: scale:fa_rep 0.092
protocols.relax.RelaxScriptManager: min 0.01
protocols.relax.RelaxScriptManager: coord_cst_weight 0.5
protocols.relax.RelaxScriptManager: scale:fa_rep 0.280
protocols.relax.RelaxScriptManager: repack
protocols.relax.RelaxScriptManager: scale:fa_rep 0.323
protocols.relax.RelaxScriptManager: min 0.01
protocols.relax.RelaxScriptManager: coord_cst_weight 0.0
protocols.relax.RelaxScriptManager: scale:fa_rep 0.568
protocols.relax.RelaxScriptManager: repack
protocols.relax.RelaxScriptManager: scale:fa_rep 0.633
protocols.relax.RelaxScriptManager: min 0.01
protocols.relax.RelaxScriptManager: coord_cst_weight 0.0
protocols.relax.RelaxScriptManager: scale:fa_rep 1
protocols.relax.RelaxScriptManager: repack
protocols.relax.RelaxScriptManager: min 0.00001
protocols.relax.RelaxScriptManager: accept_to_best
protocols.relax.RelaxScriptManager: endrepeat
protocols.rosetta_scripts.RosettaScriptsParser: Defined mover named "design" of type FastDesign
core.scoring.ScoreFunctionFactory: SCOREFUNCTION: ref2015
protocols.rosetta_scripts.RosettaScriptsParser: Defined mover named "FR" of type FastRelax
protocols.rosetta_scripts.ParsedProtocol: ParsedProtocol mover with the following settings
protocols.rosetta_scripts.ParsedProtocol: Added mover "design"
protocols.rosetta_scripts.ParsedProtocol: Added mover "FR"
protocols.jd2.PDBJobInputter: PDBJobInputter::pose_from_job
protocols.jd2.PDBJobInputter: filling pose from saved copy Rfn_P62_monomer_A.pdb
protocols.rosetta_scripts.ParsedProtocol: =======================BEGIN MOVER FastDesign - design=======================
protocols.denovo_design.movers.FastDesign: #Packer_Task
protocols.denovo_design.movers.FastDesign: 
protocols.denovo_design.movers.FastDesign: Threads to request: ALL AVAILABLE
protocols.denovo_design.movers.FastDesign: 
protocols.denovo_design.movers.FastDesign: resid	pack?	design?	allowed_aas
protocols.denovo_design.movers.FastDesign: 1	FALSE	FALSE	
protocols.denovo_design.movers.FastDesign: 2	FALSE	FALSE	
protocols.denovo_design.movers.FastDesign: 3	FALSE	FALSE	
protocols.denovo_design.movers.FastDesign: 4	FALSE	FALSE	
protocols.denovo_design.movers.FastDesign: 5	TRUE	TRUE	ASN
protocols.denovo_design.movers.FastDesign: 6	FALSE	FALSE	
protocols.denovo_design.movers.FastDesign: 7	TRUE	TRUE	THR
protocols.denovo_design.movers.FastDesign: 8	FALSE	FALSE	
protocols.denovo_design.movers.FastDesign: 9	FALSE	FALSE	
protocols.denovo_design.movers.FastDesign: 10	FALSE	FALSE	
protocols.denovo_design.movers.FastDesign: 11	FALSE	FALSE	
protocols.denovo_design.movers.FastDesign: 12	FALSE	FALSE	
protocols.denovo_design.movers.FastDesign: 13	FALSE	FALSE	
protocols.denovo_design.movers.FastDesign: 14	FALSE	FALSE	
protocols.denovo_design.movers.FastDesign: 15	FALSE	FALSE	
protocols.denovo_design.movers.FastDesign: 16	FALSE	FALSE	
protocols.denovo_design.movers.FastDesign: 17	FALSE	FALSE	
protocols.denovo_design.movers.FastDesign: 18	FALSE	FALSE	
protocols.denovo_design.movers.FastDesign: 19	FALSE	FALSE	
protocols.denovo_design.movers.FastDesign: 20	FALSE	FALSE	
protocols.denovo_design.movers.FastDesign: 21	FALSE	FALSE	
protocols.denovo_design.movers.FastDesign: 22	FALSE	FALSE	
protocols.denovo_design.movers.FastDesign: 23	FALSE	FALSE	
protocols.denovo_design.movers.FastDesign: 24	FALSE	FALSE	
protocols.denovo_design.movers.FastDesign: 25	FALSE	FALSE	
protocols.denovo_design.movers.FastDesign: 26	FALSE	FALSE	
protocols.denovo_design.movers.FastDesign: 27	FALSE	FALSE	
protocols.denovo_design.movers.FastDesign: 28	FALSE	FALSE	
protocols.denovo_design.movers.FastDesign: 29	FALSE	FALSE	
protocols.denovo_design.movers.FastDesign: 30	FALSE	FALSE	
protocols.denovo_design.movers.FastDesign: 31	FALSE	FALSE	
protocols.denovo_design.movers.FastDesign: 32	FALSE	FALSE	
protocols.denovo_design.movers.FastDesign: 33	FALSE	FALSE	
protocols.denovo_design.movers.FastDesign: 34	FALSE	FALSE	
protocols.denovo_design.movers.FastDesign: 35	FALSE	FALSE	
protocols.denovo_design.movers.FastDesign: 36	FALSE	FALSE	
protocols.denovo_design.movers.FastDesign: 37	FALSE	FALSE	
protocols.denovo_design.movers.FastDesign: 38	FALSE	FALSE	
protocols.denovo_design.movers.FastDesign: 39	FALSE	FALSE	
protocols.denovo_design.movers.FastDesign: 40	FALSE	FALSE	
protocols.denovo_design.movers.FastDesign: 41	FALSE	FALSE	
protocols.denovo_design.movers.FastDesign: 42	FALSE	FALSE	
protocols.denovo_design.movers.FastDesign: 43	FALSE	FALSE	
protocols.denovo_design.movers.FastDesign: 44	FALSE	FALSE	
protocols.denovo_design.movers.FastDesign: 45	FALSE	FALSE	
protocols.denovo_design.movers.FastDesign: 46	FALSE	FALSE	
protocols.denovo_design.movers.FastDesign: 47	FALSE	FALSE	
protocols.denovo_design.movers.FastDesign: 48	FALSE	FALSE	
protocols.denovo_design.movers.FastDesign: 49	FALSE	FALSE	
protocols.denovo_design.movers.FastDesign: 50	FALSE	FALSE	
protocols.denovo_design.movers.FastDesign: 51	FALSE	FALSE	
protocols.denovo_design.movers.FastDesign: 52	FALSE	FALSE	
protocols.denovo_design.movers.FastDesign: 53	FALSE	FALSE	
protocols.denovo_design.movers.FastDesign: 54	FALSE	FALSE	
protocols.denovo_design.movers.FastDesign: 55	FALSE	FALSE	
protocols.denovo_design.movers.FastDesign: 56	FALSE	FALSE	
protocols.denovo_design.movers.FastDesign: 57	FALSE	FALSE	
protocols.denovo_design.movers.FastDesign: 58	FALSE	FALSE	
protocols.denovo_design.movers.FastDesign: 59	FALSE	FALSE	
protocols.denovo_design.movers.FastDesign: 60	FALSE	FALSE	
protocols.denovo_design.movers.FastDesign: 61	FALSE	FALSE	
protocols.denovo_design.movers.FastDesign: 62	FALSE	FALSE	
protocols.denovo_design.movers.FastDesign: 63	FALSE	FALSE	
protocols.denovo_design.movers.FastDesign: 64	FALSE	FALSE	
protocols.denovo_design.movers.FastDesign: 65	FALSE	FALSE	
protocols.denovo_design.movers.FastDesign: 66	FALSE	FALSE	
protocols.denovo_design.movers.FastDesign: 67	FALSE	FALSE	
protocols.denovo_design.movers.FastDesign: 68	FALSE	FALSE	
protocols.denovo_design.movers.FastDesign: 69	FALSE	FALSE	
protocols.denovo_design.movers.FastDesign: 70	FALSE	FALSE	
protocols.denovo_design.movers.FastDesign: 71	FALSE	FALSE	
protocols.denovo_design.movers.FastDesign: 72	FALSE	FALSE	
protocols.denovo_design.movers.FastDesign: 73	FALSE	FALSE	
protocols.denovo_design.movers.FastDesign: 74	FALSE	FALSE	
protocols.denovo_design.movers.FastDesign: 75	FALSE	FALSE	
protocols.denovo_design.movers.FastDesign: 76	FALSE	FALSE	
protocols.denovo_design.movers.FastDesign: 77	FALSE	FALSE	
protocols.denovo_design.movers.FastDesign: 78	FALSE	FALSE	
protocols.denovo_design.movers.FastDesign: 79	FALSE	FALSE	
protocols.denovo_design.movers.FastDesign: 80	FALSE	FALSE	
protocols.denovo_design.movers.FastDesign: 81	FALSE	FALSE	
protocols.denovo_design.movers.FastDesign: 82	FALSE	FALSE	
protocols.denovo_design.movers.FastDesign: 83	FALSE	FALSE	
protocols.denovo_design.movers.FastDesign: 84	FALSE	FALSE	
protocols.denovo_design.movers.FastDesign: 85	FALSE	FALSE	
protocols.denovo_design.movers.FastDesign: 86	FALSE	FALSE	
protocols.denovo_design.movers.FastDesign: 87	FALSE	FALSE	
protocols.denovo_design.movers.FastDesign: 88	FALSE	FALSE	
protocols.denovo_design.movers.FastDesign: 89	FALSE	FALSE	
protocols.denovo_design.movers.FastDesign: 90	FALSE	FALSE	
protocols.denovo_design.movers.FastDesign: 91	FALSE	FALSE	
protocols.denovo_design.movers.FastDesign: 92	FALSE	FALSE	
protocols.denovo_design.movers.FastDesign: 93	FALSE	FALSE	
protocols.denovo_design.movers.FastDesign: 94	FALSE	FALSE	
protocols.denovo_design.movers.FastDesign: 95	FALSE	FALSE	
protocols.denovo_design.movers.FastDesign: 96	FALSE	FALSE	
protocols.denovo_design.movers.FastDesign: 97	FALSE	FALSE	
protocols.denovo_design.movers.FastDesign: 98	FALSE	FALSE	
protocols.denovo_design.movers.FastDesign: 99	FALSE	FALSE	
protocols.denovo_design.movers.FastDesign: 100	FALSE	FALSE	
protocols.denovo_design.movers.FastDesign: 101	FALSE	FALSE	
protocols.denovo_design.movers.FastDesign: 102	FALSE	FALSE	
protocols.denovo_design.movers.FastDesign: 103	FALSE	FALSE	
protocols.denovo_design.movers.FastDesign: 104	FALSE	FALSE	
protocols.denovo_design.movers.FastDesign: 105	FALSE	FALSE	
protocols.denovo_design.movers.FastDesign: 106	FALSE	FALSE	
protocols.denovo_design.movers.FastDesign: 107	FALSE	FALSE	
protocols.denovo_design.movers.FastDesign: 108	FALSE	FALSE	
protocols.denovo_design.movers.FastDesign: 109	FALSE	FALSE	
protocols.denovo_design.movers.FastDesign: 110	FALSE	FALSE	
protocols.denovo_design.movers.FastDesign: 111	FALSE	FALSE	
protocols.denovo_design.movers.FastDesign: 112	FALSE	FALSE	
protocols.denovo_design.movers.FastDesign: 113	FALSE	FALSE	
protocols.denovo_design.movers.FastDesign: 114	FALSE	FALSE	
protocols.denovo_design.movers.FastDesign: 115	FALSE	FALSE	
protocols.denovo_design.movers.FastDesign: 116	FALSE	FALSE	
protocols.denovo_design.movers.FastDesign: 117	FALSE	FALSE	
protocols.denovo_design.movers.FastDesign: 118	FALSE	FALSE	
protocols.denovo_design.movers.FastDesign: 119	FALSE	FALSE	
protocols.denovo_design.movers.FastDesign: 120	FALSE	FALSE	
protocols.denovo_design.movers.FastDesign: 121	FALSE	FALSE	
protocols.denovo_design.movers.FastDesign: 122	FALSE	FALSE	
protocols.denovo_design.movers.FastDesign: 123	FALSE	FALSE	
protocols.denovo_design.movers.FastDesign: 124	FALSE	FALSE	
protocols.denovo_design.movers.FastDesign: 125	FALSE	FALSE	
protocols.denovo_design.movers.FastDesign: 126	FALSE	FALSE	
protocols.denovo_design.movers.FastDesign: 127	FALSE	FALSE	
protocols.denovo_design.movers.FastDesign: 128	FALSE	FALSE	
protocols.denovo_design.movers.FastDesign: 129	FALSE	FALSE	
protocols.denovo_design.movers.FastDesign: 130	FALSE	FALSE	
protocols.denovo_design.movers.FastDesign: 131	FALSE	FALSE	
protocols.denovo_design.movers.FastDesign: 132	FALSE	FALSE	
protocols.denovo_design.movers.FastDesign: 133	FALSE	FALSE	
protocols.denovo_design.movers.FastDesign: 134	FALSE	FALSE	
protocols.denovo_design.movers.FastDesign: 135	FALSE	FALSE	
protocols.denovo_design.movers.FastDesign: 136	FALSE	FALSE	
protocols.denovo_design.movers.FastDesign: 137	FALSE	FALSE	
protocols.denovo_design.movers.FastDesign: 138	FALSE	FALSE	
protocols.denovo_design.movers.FastDesign: 139	FALSE	FALSE	
protocols.denovo_design.movers.FastDesign: 140	FALSE	FALSE	
protocols.denovo_design.movers.FastDesign: 141	FALSE	FALSE	
protocols.denovo_design.movers.FastDesign: 142	FALSE	FALSE	
protocols.denovo_design.movers.FastDesign: 143	FALSE	FALSE	
protocols.denovo_design.movers.FastDesign: 144	FALSE	FALSE	
protocols.denovo_design.movers.FastDesign: 145	FALSE	FALSE	
protocols.denovo_design.movers.FastDesign: 146	FALSE	FALSE	
protocols.denovo_design.movers.FastDesign: 147	FALSE	FALSE	
protocols.denovo_design.movers.FastDesign: 148	FALSE	FALSE	
protocols.denovo_design.movers.FastDesign: 149	FALSE	FALSE	
protocols.denovo_design.movers.FastDesign: 150	FALSE	FALSE	
protocols.denovo_design.movers.FastDesign: 151	FALSE	FALSE	
protocols.denovo_design.movers.FastDesign: 152	FALSE	FALSE	
protocols.denovo_design.movers.FastDesign: 153	FALSE	FALSE	
protocols.denovo_design.movers.FastDesign: 154	FALSE	FALSE	
protocols.denovo_design.movers.FastDesign: 155	FALSE	FALSE	
protocols.denovo_design.movers.FastDesign: 156	FALSE	FALSE	
protocols.denovo_design.movers.FastDesign: 157	FALSE	FALSE	
protocols.denovo_design.movers.FastDesign: 158	FALSE	FALSE	
protocols.denovo_design.movers.FastDesign: 159	FALSE	FALSE	
protocols.denovo_design.movers.FastDesign: 160	FALSE	FALSE	
protocols.denovo_design.movers.FastDesign: 161	FALSE	FALSE	
protocols.denovo_design.movers.FastDesign: 162	FALSE	FALSE	
protocols.denovo_design.movers.FastDesign: 163	FALSE	FALSE	
protocols.denovo_design.movers.FastDesign: 164	FALSE	FALSE	
protocols.denovo_design.movers.FastDesign: 165	FALSE	FALSE	
protocols.denovo_design.movers.FastDesign: 166	FALSE	FALSE	
protocols.denovo_design.movers.FastDesign: 167	FALSE	FALSE	
protocols.denovo_design.movers.FastDesign: 168	FALSE	FALSE	
protocols.denovo_design.movers.FastDesign: 169	FALSE	FALSE	
protocols.denovo_design.movers.FastDesign: 170	FALSE	FALSE	
protocols.denovo_design.movers.FastDesign: 171	FALSE	FALSE	
protocols.denovo_design.movers.FastDesign: 172	FALSE	FALSE	
protocols.denovo_design.movers.FastDesign: 173	FALSE	FALSE	
protocols.denovo_design.movers.FastDesign: 174	FALSE	FALSE	
protocols.denovo_design.movers.FastDesign: 175	FALSE	FALSE	
protocols.denovo_design.movers.FastDesign: 176	FALSE	FALSE	
protocols.denovo_design.movers.FastDesign: 177	FALSE	FALSE	
protocols.denovo_design.movers.FastDesign: 178	FALSE	FALSE	
protocols.denovo_design.movers.FastDesign: 179	FALSE	FALSE	
protocols.denovo_design.movers.FastDesign: 180	FALSE	FALSE	
protocols.denovo_design.movers.FastDesign: 181	FALSE	FALSE	
protocols.denovo_design.movers.FastDesign: 182	FALSE	FALSE	
protocols.denovo_design.movers.FastDesign: 183	FALSE	FALSE	
protocols.denovo_design.movers.FastDesign: 184	FALSE	FALSE	
protocols.denovo_design.movers.FastDesign: 185	FALSE	FALSE	
protocols.denovo_design.movers.FastDesign: 186	FALSE	FALSE	
protocols.denovo_design.movers.FastDesign: 187	FALSE	FALSE	
protocols.denovo_design.movers.FastDesign: 188	FALSE	FALSE	
protocols.denovo_design.movers.FastDesign: 189	FALSE	FALSE	
protocols.denovo_design.movers.FastDesign: 190	FALSE	FALSE	
protocols.denovo_design.movers.FastDesign: 191	FALSE	FALSE	
protocols.denovo_design.movers.FastDesign: 192	FALSE	FALSE	
protocols.denovo_design.movers.FastDesign: 193	FALSE	FALSE	
protocols.denovo_design.movers.FastDesign: 194	FALSE	FALSE	
protocols.denovo_design.movers.FastDesign: 195	FALSE	FALSE	
protocols.denovo_design.movers.FastDesign: 196	FALSE	FALSE	
protocols.denovo_design.movers.FastDesign: 197	FALSE	FALSE	
protocols.denovo_design.movers.FastDesign: 198	FALSE	FALSE	
protocols.denovo_design.movers.FastDesign: 199	FALSE	FALSE	
protocols.denovo_design.movers.FastDesign: 200	FALSE	FALSE	
protocols.denovo_design.movers.FastDesign: 201	FALSE	FALSE	
protocols.denovo_design.movers.FastDesign: 202	FALSE	FALSE	
protocols.denovo_design.movers.FastDesign: 203	FALSE	FALSE	
protocols.denovo_design.movers.FastDesign: 204	FALSE	FALSE	
protocols.denovo_design.movers.FastDesign: 205	FALSE	FALSE	
protocols.denovo_design.movers.FastDesign: 206	FALSE	FALSE	
protocols.denovo_design.movers.FastDesign: 207	FALSE	FALSE	
protocols.denovo_design.movers.FastDesign: 208	FALSE	FALSE	
protocols.denovo_design.movers.FastDesign: 209	FALSE	FALSE	
protocols.denovo_design.movers.FastDesign: 210	FALSE	FALSE	
protocols.denovo_design.movers.FastDesign: 211	FALSE	FALSE	
protocols.denovo_design.movers.FastDesign: 212	FALSE	FALSE	
protocols.denovo_design.movers.FastDesign: 213	FALSE	FALSE	
protocols.denovo_design.movers.FastDesign: 214	FALSE	FALSE	
protocols.denovo_design.movers.FastDesign: 215	FALSE	FALSE	
protocols.denovo_design.movers.FastDesign: 216	FALSE	FALSE	
protocols.denovo_design.movers.FastDesign: 217	FALSE	FALSE	
protocols.denovo_design.movers.FastDesign: 218	FALSE	FALSE	
protocols.denovo_design.movers.FastDesign: 219	FALSE	FALSE	
protocols.denovo_design.movers.FastDesign: 220	FALSE	FALSE	
protocols.denovo_design.movers.FastDesign: 221	FALSE	FALSE	
protocols.denovo_design.movers.FastDesign: 222	FALSE	FALSE	
protocols.denovo_design.movers.FastDesign: 223	FALSE	FALSE	
protocols.denovo_design.movers.FastDesign: 224	FALSE	FALSE	
protocols.denovo_design.movers.FastDesign: 225	FALSE	FALSE	
protocols.denovo_design.movers.FastDesign: 226	FALSE	FALSE	
protocols.denovo_design.movers.FastDesign: 227	FALSE	FALSE	
protocols.denovo_design.movers.FastDesign: 228	FALSE	FALSE	
protocols.denovo_design.movers.FastDesign: 229	FALSE	FALSE	
protocols.denovo_design.movers.FastDesign: 230	FALSE	FALSE	
protocols.denovo_design.movers.FastDesign: 231	FALSE	FALSE	
protocols.denovo_design.movers.FastDesign: 232	FALSE	FALSE	
protocols.denovo_design.movers.FastDesign: 233	FALSE	FALSE	
protocols.denovo_design.movers.FastDesign: 234	FALSE	FALSE	
protocols.denovo_design.movers.FastDesign: 235	FALSE	FALSE	
protocols.denovo_design.movers.FastDesign: 236	FALSE	FALSE	
protocols.denovo_design.movers.FastDesign: 237	FALSE	FALSE	
protocols.denovo_design.movers.FastDesign: 238	FALSE	FALSE	
protocols.denovo_design.movers.FastDesign: 239	FALSE	FALSE	
protocols.denovo_design.movers.FastDesign: 240	FALSE	FALSE	
protocols.denovo_design.movers.FastDesign: 241	FALSE	FALSE	
protocols.denovo_design.movers.FastDesign: 242	FALSE	FALSE	
protocols.denovo_design.movers.FastDesign: 243	FALSE	FALSE	
protocols.denovo_design.movers.FastDesign: 244	FALSE	FALSE	
protocols.denovo_design.movers.FastDesign: 245	FALSE	FALSE	
protocols.denovo_design.movers.FastDesign: 246	FALSE	FALSE	
protocols.denovo_design.movers.FastDesign: 247	FALSE	FALSE	
protocols.denovo_design.movers.FastDesign: 248	FALSE	FALSE	
protocols.denovo_design.movers.FastDesign: 249	FALSE	FALSE	
protocols.denovo_design.movers.FastDesign: 250	FALSE	FALSE	
protocols.denovo_design.movers.FastDesign: 251	FALSE	FALSE	
protocols.denovo_design.movers.FastDesign: 252	FALSE	FALSE	
protocols.denovo_design.movers.FastDesign: 253	FALSE	FALSE	
protocols.denovo_design.movers.FastDesign: 254	FALSE	FALSE	
protocols.denovo_design.movers.FastDesign: 255	FALSE	FALSE	
protocols.denovo_design.movers.FastDesign: 256	FALSE	FALSE	
protocols.denovo_design.movers.FastDesign: 257	FALSE	FALSE	
protocols.denovo_design.movers.FastDesign: 258	FALSE	FALSE	
protocols.denovo_design.movers.FastDesign: 259	FALSE	FALSE	
protocols.denovo_design.movers.FastDesign: 260	FALSE	FALSE	
protocols.denovo_design.movers.FastDesign: 261	FALSE	FALSE	
protocols.denovo_design.movers.FastDesign: 262	FALSE	FALSE	
protocols.denovo_design.movers.FastDesign: 263	FALSE	FALSE	
protocols.denovo_design.movers.FastDesign: 264	FALSE	FALSE	
protocols.denovo_design.movers.FastDesign: 265	FALSE	FALSE	
protocols.denovo_design.movers.FastDesign: 266	FALSE	FALSE	
protocols.denovo_design.movers.FastDesign: 267	FALSE	FALSE	
protocols.denovo_design.movers.FastDesign: 268	FALSE	FALSE	
protocols.denovo_design.movers.FastDesign: 269	FALSE	FALSE	
protocols.denovo_design.movers.FastDesign: 270	FALSE	FALSE	
protocols.denovo_design.movers.FastDesign: 271	FALSE	FALSE	
protocols.denovo_design.movers.FastDesign: 272	FALSE	FALSE	
protocols.denovo_design.movers.FastDesign: 273	FALSE	FALSE	
protocols.denovo_design.movers.FastDesign: 274	FALSE	FALSE	
protocols.denovo_design.movers.FastDesign: 275	FALSE	FALSE	
protocols.denovo_design.movers.FastDesign: 276	FALSE	FALSE	
protocols.denovo_design.movers.FastDesign: 277	FALSE	FALSE	
protocols.denovo_design.movers.FastDesign: 278	FALSE	FALSE	
protocols.denovo_design.movers.FastDesign: 279	FALSE	FALSE	
protocols.denovo_design.movers.FastDesign: 280	FALSE	FALSE	
protocols.denovo_design.movers.FastDesign: 281	FALSE	FALSE	
protocols.denovo_design.movers.FastDesign: 282	FALSE	FALSE	
protocols.denovo_design.movers.FastDesign: 283	FALSE	FALSE	
protocols.denovo_design.movers.FastDesign: 284	FALSE	FALSE	
protocols.denovo_design.movers.FastDesign: 285	FALSE	FALSE	
protocols.denovo_design.movers.FastDesign: 286	FALSE	FALSE	
protocols.denovo_design.movers.FastDesign: 287	FALSE	FALSE	
protocols.denovo_design.movers.FastDesign: 288	FALSE	FALSE	
protocols.denovo_design.movers.FastDesign: 289	FALSE	FALSE	
protocols.denovo_design.movers.FastDesign: 290	FALSE	FALSE	
protocols.denovo_design.movers.FastDesign: 291	FALSE	FALSE	
protocols.denovo_design.movers.FastDesign: 292	FALSE	FALSE	
protocols.denovo_design.movers.FastDesign: 293	FALSE	FALSE	
protocols.denovo_design.movers.FastDesign: 294	FALSE	FALSE	
protocols.denovo_design.movers.FastDesign: 295	FALSE	FALSE	
protocols.denovo_design.movers.FastDesign: 296	FALSE	FALSE	
protocols.denovo_design.movers.FastDesign: 297	FALSE	FALSE	
protocols.denovo_design.movers.FastDesign: 298	FALSE	FALSE	
protocols.denovo_design.movers.FastDesign: 299	FALSE	FALSE	
protocols.denovo_design.movers.FastDesign: 300	FALSE	FALSE	
protocols.denovo_design.movers.FastDesign: 301	FALSE	FALSE	
protocols.denovo_design.movers.FastDesign: 302	FALSE	FALSE	
protocols.denovo_design.movers.FastDesign: 303	FALSE	FALSE	
protocols.denovo_design.movers.FastDesign: 304	FALSE	FALSE	
protocols.denovo_design.movers.FastDesign: 305	FALSE	FALSE	
protocols.denovo_design.movers.FastDesign: 306	FALSE	FALSE	
protocols.denovo_design.movers.FastDesign: 307	FALSE	FALSE	
protocols.denovo_design.movers.FastDesign: 308	FALSE	FALSE	
protocols.denovo_design.movers.FastDesign: 309	FALSE	FALSE	
protocols.denovo_design.movers.FastDesign: 310	FALSE	FALSE	
protocols.denovo_design.movers.FastDesign: 311	FALSE	FALSE	
protocols.denovo_design.movers.FastDesign: 312	FALSE	FALSE	
protocols.denovo_design.movers.FastDesign: 313	FALSE	FALSE	
protocols.denovo_design.movers.FastDesign: 314	FALSE	FALSE	
protocols.denovo_design.movers.FastDesign: 315	FALSE	FALSE	
protocols.denovo_design.movers.FastDesign: 316	FALSE	FALSE	
protocols.denovo_design.movers.FastDesign: 317	FALSE	FALSE	
protocols.denovo_design.movers.FastDesign: 318	FALSE	FALSE	
protocols.denovo_design.movers.FastDesign: 319	FALSE	FALSE	
protocols.denovo_design.movers.FastDesign: 320	FALSE	FALSE	
protocols.denovo_design.movers.FastDesign: 321	FALSE	FALSE	
protocols.denovo_design.movers.FastDesign: 322	FALSE	FALSE	
protocols.denovo_design.movers.FastDesign: 323	FALSE	FALSE	
protocols.denovo_design.movers.FastDesign: 324	FALSE	FALSE	
protocols.denovo_design.movers.FastDesign: 325	FALSE	FALSE	
protocols.denovo_design.movers.FastDesign: 326	FALSE	FALSE	
protocols.denovo_design.movers.FastDesign: 327	FALSE	FALSE	
protocols.denovo_design.movers.FastDesign: 328	FALSE	FALSE	
protocols.denovo_design.movers.FastDesign: 329	FALSE	FALSE	
protocols.denovo_design.movers.FastDesign: 330	FALSE	FALSE	
protocols.denovo_design.movers.FastDesign: 331	FALSE	FALSE	
protocols.denovo_design.movers.FastDesign: 332	FALSE	FALSE	
protocols.denovo_design.movers.FastDesign: 333	FALSE	FALSE	
protocols.denovo_design.movers.FastDesign: 334	FALSE	FALSE	
protocols.denovo_design.movers.FastDesign: 335	FALSE	FALSE	
protocols.denovo_design.movers.FastDesign: 336	FALSE	FALSE	
protocols.denovo_design.movers.FastDesign: 337	FALSE	FALSE	
protocols.denovo_design.movers.FastDesign: 338	FALSE	FALSE	
protocols.denovo_design.movers.FastDesign: 339	FALSE	FALSE	
protocols.denovo_design.movers.FastDesign: 340	FALSE	FALSE	
protocols.denovo_design.movers.FastDesign: 341	FALSE	FALSE	
protocols.denovo_design.movers.FastDesign: 342	FALSE	FALSE	
protocols.denovo_design.movers.FastDesign: 343	FALSE	FALSE	
protocols.denovo_design.movers.FastDesign: 344	FALSE	FALSE	
protocols.denovo_design.movers.FastDesign: 345	FALSE	FALSE	
protocols.denovo_design.movers.FastDesign: 346	FALSE	FALSE	
protocols.denovo_design.movers.FastDesign: 347	FALSE	FALSE	
protocols.denovo_design.movers.FastDesign: 348	FALSE	FALSE	
protocols.denovo_design.movers.FastDesign: 349	FALSE	FALSE	
protocols.denovo_design.movers.FastDesign: 350	FALSE	FALSE	
protocols.denovo_design.movers.FastDesign: 351	FALSE	FALSE	
protocols.denovo_design.movers.FastDesign: 352	FALSE	FALSE	
protocols.denovo_design.movers.FastDesign: 353	FALSE	FALSE	
protocols.denovo_design.movers.FastDesign: 354	FALSE	FALSE	
protocols.denovo_design.movers.FastDesign: 355	FALSE	FALSE	
protocols.denovo_design.movers.FastDesign: 356	FALSE	FALSE	
protocols.denovo_design.movers.FastDesign: 357	FALSE	FALSE	
protocols.denovo_design.movers.FastDesign: 358	FALSE	FALSE	
protocols.denovo_design.movers.FastDesign: 359	FALSE	FALSE	
protocols.denovo_design.movers.FastDesign: 360	FALSE	FALSE	
protocols.denovo_design.movers.FastDesign: 361	FALSE	FALSE	
protocols.denovo_design.movers.FastDesign: 362	FALSE	FALSE	
protocols.denovo_design.movers.FastDesign: 363	FALSE	FALSE	
protocols.denovo_design.movers.FastDesign: 364	FALSE	FALSE	
protocols.denovo_design.movers.FastDesign: 365	FALSE	FALSE	
protocols.denovo_design.movers.FastDesign: 366	FALSE	FALSE	
protocols.denovo_design.movers.FastDesign: 367	FALSE	FALSE	
protocols.denovo_design.movers.FastDesign: 368	FALSE	FALSE	
protocols.denovo_design.movers.FastDesign: 369	FALSE	FALSE	
protocols.denovo_design.movers.FastDesign: 370	FALSE	FALSE	
protocols.denovo_design.movers.FastDesign: 371	FALSE	FALSE	
protocols.denovo_design.movers.FastDesign: 372	FALSE	FALSE	
protocols.denovo_design.movers.FastDesign: 373	FALSE	FALSE	
protocols.denovo_design.movers.FastDesign: 374	FALSE	FALSE	
protocols.denovo_design.movers.FastDesign: 375	FALSE	FALSE	
protocols.denovo_design.movers.FastDesign: 376	FALSE	FALSE	
protocols.denovo_design.movers.FastDesign: 377	FALSE	FALSE	
protocols.denovo_design.movers.FastDesign: 378	FALSE	FALSE	
protocols.denovo_design.movers.FastDesign: 379	FALSE	FALSE	
protocols.denovo_design.movers.FastDesign: 380	FALSE	FALSE	
protocols.denovo_design.movers.FastDesign: 381	FALSE	FALSE	
protocols.denovo_design.movers.FastDesign: 382	FALSE	FALSE	
protocols.denovo_design.movers.FastDesign: 383	FALSE	FALSE	
protocols.denovo_design.movers.FastDesign: 384	FALSE	FALSE	
protocols.denovo_design.movers.FastDesign: 385	FALSE	FALSE	
protocols.denovo_design.movers.FastDesign: 386	FALSE	FALSE	
protocols.denovo_design.movers.FastDesign: 387	FALSE	FALSE	
protocols.denovo_design.movers.FastDesign: 388	FALSE	FALSE	
protocols.denovo_design.movers.FastDesign: 389	FALSE	FALSE	
protocols.denovo_design.movers.FastDesign: 390	FALSE	FALSE	
protocols.denovo_design.movers.FastDesign: 391	FALSE	FALSE	
protocols.denovo_design.movers.FastDesign: 392	FALSE	FALSE	
protocols.denovo_design.movers.FastDesign: 393	FALSE	FALSE	
protocols.denovo_design.movers.FastDesign: 394	FALSE	FALSE	
protocols.denovo_design.movers.FastDesign: 395	FALSE	FALSE	
protocols.denovo_design.movers.FastDesign: 396	FALSE	FALSE	
protocols.denovo_design.movers.FastDesign: 397	FALSE	FALSE	
protocols.denovo_design.movers.FastDesign: 398	FALSE	FALSE	
protocols.denovo_design.movers.FastDesign: 399	FALSE	FALSE	
protocols.denovo_design.movers.FastDesign: 400	FALSE	FALSE	
protocols.denovo_design.movers.FastDesign: 401	FALSE	FALSE	
protocols.denovo_design.movers.FastDesign: 402	FALSE	FALSE	
protocols.denovo_design.movers.FastDesign: 403	FALSE	FALSE	
protocols.denovo_design.movers.FastDesign: 404	FALSE	FALSE	
protocols.denovo_design.movers.FastDesign: 405	FALSE	FALSE	
protocols.denovo_design.movers.FastDesign: 406	FALSE	FALSE	
protocols.denovo_design.movers.FastDesign: 407	FALSE	FALSE	
protocols.denovo_design.movers.FastDesign: 408	FALSE	FALSE	
protocols.denovo_design.movers.FastDesign: 409	FALSE	FALSE	
protocols.denovo_design.movers.FastDesign: 410	FALSE	FALSE	
protocols.denovo_design.movers.FastDesign: 411	FALSE	FALSE	
protocols.denovo_design.movers.FastDesign: 412	FALSE	FALSE	
protocols.denovo_design.movers.FastDesign: 413	FALSE	FALSE	
protocols.denovo_design.movers.FastDesign: 414	FALSE	FALSE	
protocols.denovo_design.movers.FastDesign: 415	FALSE	FALSE	
protocols.denovo_design.movers.FastDesign: 416	FALSE	FALSE	
protocols.denovo_design.movers.FastDesign: 417	FALSE	FALSE	
protocols.denovo_design.movers.FastDesign: 418	FALSE	FALSE	
protocols.denovo_design.movers.FastDesign: 419	FALSE	FALSE	
protocols.denovo_design.movers.FastDesign: 420	FALSE	FALSE	
protocols.denovo_design.movers.FastDesign: 421	FALSE	FALSE	
protocols.denovo_design.movers.FastDesign: 422	FALSE	FALSE	
protocols.denovo_design.movers.FastDesign: 423	FALSE	FALSE	
protocols.denovo_design.movers.FastDesign: 424	FALSE	FALSE	
protocols.denovo_design.movers.FastDesign: 425	FALSE	FALSE	
protocols.denovo_design.movers.FastDesign: 426	FALSE	FALSE	
protocols.denovo_design.movers.FastDesign: 427	FALSE	FALSE	
protocols.denovo_design.movers.FastDesign: 428	FALSE	FALSE	
protocols.denovo_design.movers.FastDesign: 429	FALSE	FALSE	
protocols.denovo_design.movers.FastDesign: 430	FALSE	FALSE	
protocols.denovo_design.movers.FastDesign: 431	FALSE	FALSE	
protocols.denovo_design.movers.FastDesign: 432	FALSE	FALSE	
protocols.denovo_design.movers.FastDesign: 433	FALSE	FALSE	
protocols.denovo_design.movers.FastDesign: 434	FALSE	FALSE	
protocols.denovo_design.movers.FastDesign: 435	FALSE	FALSE	
protocols.denovo_design.movers.FastDesign: 436	FALSE	FALSE	
protocols.denovo_design.movers.FastDesign: 437	FALSE	FALSE	
protocols.denovo_design.movers.FastDesign: 438	FALSE	FALSE	
protocols.denovo_design.movers.FastDesign: 439	FALSE	FALSE	
protocols.denovo_design.movers.FastDesign: 440	FALSE	FALSE	
protocols.denovo_design.movers.FastDesign: 441	FALSE	FALSE	
protocols.denovo_design.movers.FastDesign: 442	FALSE	FALSE	
protocols.denovo_design.movers.FastDesign: 443	FALSE	FALSE	
protocols.denovo_design.movers.FastDesign: 444	FALSE	FALSE	
protocols.denovo_design.movers.FastDesign: 445	FALSE	FALSE	
protocols.denovo_design.movers.FastDesign: 446	FALSE	FALSE	
protocols.denovo_design.movers.FastDesign: 447	FALSE	FALSE	
protocols.denovo_design.movers.FastDesign: 448	FALSE	FALSE	
protocols.denovo_design.movers.FastDesign: 449	FALSE	FALSE	
protocols.denovo_design.movers.FastDesign: 450	FALSE	FALSE	
protocols.denovo_design.movers.FastDesign: 451	FALSE	FALSE	
protocols.denovo_design.movers.FastDesign: 452	FALSE	FALSE	
protocols.denovo_design.movers.FastDesign: 453	FALSE	FALSE	
protocols.denovo_design.movers.FastDesign: 454	FALSE	FALSE	
protocols.denovo_design.movers.FastDesign: 455	FALSE	FALSE	
protocols.denovo_design.movers.FastDesign: 456	FALSE	FALSE	
protocols.denovo_design.movers.FastDesign: 457	FALSE	FALSE	
protocols.denovo_design.movers.FastDesign: 458	FALSE	FALSE	
protocols.denovo_design.movers.FastDesign: 459	FALSE	FALSE	
protocols.denovo_design.movers.FastDesign: 460	FALSE	FALSE	
protocols.denovo_design.movers.FastDesign: 461	FALSE	FALSE	
protocols.denovo_design.movers.FastDesign: 462	FALSE	FALSE	
protocols.denovo_design.movers.FastDesign: 463	FALSE	FALSE	
protocols.denovo_design.movers.FastDesign: 464	FALSE	FALSE	
protocols.denovo_design.movers.FastDesign: 465	FALSE	FALSE	
protocols.denovo_design.movers.FastDesign: 466	FALSE	FALSE	
protocols.denovo_design.movers.FastDesign: 467	FALSE	FALSE	
protocols.denovo_design.movers.FastDesign: 468	FALSE	FALSE	
protocols.denovo_design.movers.FastDesign: 469	FALSE	FALSE	
protocols.denovo_design.movers.FastDesign: 470	FALSE	FALSE	
protocols.denovo_design.movers.FastDesign: 471	FALSE	FALSE	
protocols.denovo_design.movers.FastDesign: 472	FALSE	FALSE	
protocols.denovo_design.movers.FastDesign: 473	FALSE	FALSE	
protocols.denovo_design.movers.FastDesign: 474	FALSE	FALSE	
protocols.denovo_design.movers.FastDesign: 475	FALSE	FALSE	
protocols.denovo_design.movers.FastDesign: 476	FALSE	FALSE	
protocols.denovo_design.movers.FastDesign: 477	FALSE	FALSE	
protocols.denovo_design.movers.FastDesign: 478	FALSE	FALSE	
protocols.denovo_design.movers.FastDesign: 479	FALSE	FALSE	
protocols.denovo_design.movers.FastDesign: 480	FALSE	FALSE	
protocols.denovo_design.movers.FastDesign: 481	FALSE	FALSE	
protocols.denovo_design.movers.FastDesign: 482	FALSE	FALSE	
protocols.denovo_design.movers.FastDesign: 483	FALSE	FALSE	
protocols.denovo_design.movers.FastDesign: 484	FALSE	FALSE	
protocols.denovo_design.movers.FastDesign: 485	FALSE	FALSE	
protocols.denovo_design.movers.FastDesign: 486	FALSE	FALSE	
protocols.denovo_design.movers.FastDesign: 487	FALSE	FALSE	
protocols.denovo_design.movers.FastDesign: 488	FALSE	FALSE	
protocols.denovo_design.movers.FastDesign: 489	FALSE	FALSE	
protocols.denovo_design.movers.FastDesign: 490	FALSE	FALSE	
protocols.denovo_design.movers.FastDesign: 491	FALSE	FALSE	
protocols.denovo_design.movers.FastDesign: 492	FALSE	FALSE	
protocols.denovo_design.movers.FastDesign: 493	FALSE	FALSE	
protocols.denovo_design.movers.FastDesign: 494	FALSE	FALSE	
protocols.denovo_design.movers.FastDesign: 495	FALSE	FALSE	
protocols.denovo_design.movers.FastDesign: 496	FALSE	FALSE	
protocols.denovo_design.movers.FastDesign: 497	FALSE	FALSE	
protocols.denovo_design.movers.FastDesign: 498	FALSE	FALSE	
protocols.denovo_design.movers.FastDesign: 499	FALSE	FALSE	
protocols.denovo_design.movers.FastDesign: 500	FALSE	FALSE	
protocols.denovo_design.movers.FastDesign: 501	FALSE	FALSE	
protocols.denovo_design.movers.FastDesign: 502	FALSE	FALSE	
protocols.denovo_design.movers.FastDesign: 503	FALSE	FALSE	
protocols.denovo_design.movers.FastDesign: 504	FALSE	FALSE	
protocols.denovo_design.movers.FastDesign: 505	FALSE	FALSE	
protocols.denovo_design.movers.FastDesign: 506	FALSE	FALSE	
protocols.denovo_design.movers.FastDesign: 507	FALSE	FALSE	
protocols.denovo_design.movers.FastDesign: 508	FALSE	FALSE	
protocols.denovo_design.movers.FastDesign: 509	FALSE	FALSE	
protocols.denovo_design.movers.FastDesign: 510	FALSE	FALSE	
protocols.denovo_design.movers.FastDesign: 511	FALSE	FALSE	
protocols.denovo_design.movers.FastDesign: 512	FALSE	FALSE	
protocols.denovo_design.movers.FastDesign: 513	FALSE	FALSE	
protocols.denovo_design.movers.FastDesign: 514	FALSE	FALSE	
protocols.denovo_design.movers.FastDesign: 515	FALSE	FALSE	
protocols.denovo_design.movers.FastDesign: 516	FALSE	FALSE	
protocols.denovo_design.movers.FastDesign: 517	FALSE	FALSE	
protocols.denovo_design.movers.FastDesign: 518	FALSE	FALSE	
protocols.denovo_design.movers.FastDesign: 519	FALSE	FALSE	
protocols.denovo_design.movers.FastDesign: 520	FALSE	FALSE	
protocols.denovo_design.movers.FastDesign: 521	FALSE	FALSE	
protocols.denovo_design.movers.FastDesign: 522	FALSE	FALSE	
protocols.denovo_design.movers.FastDesign: 523	FALSE	FALSE	
protocols.denovo_design.movers.FastDesign: 524	FALSE	FALSE	
protocols.denovo_design.movers.FastDesign: 525	FALSE	FALSE	
protocols.denovo_design.movers.FastDesign: 526	FALSE	FALSE	
protocols.denovo_design.movers.FastDesign: 527	FALSE	FALSE	
protocols.denovo_design.movers.FastDesign: 528	FALSE	FALSE	
protocols.denovo_design.movers.FastDesign: 529	FALSE	FALSE	
protocols.denovo_design.movers.FastDesign: 530	FALSE	FALSE	
protocols.denovo_design.movers.FastDesign: 531	FALSE	FALSE	
protocols.denovo_design.movers.FastDesign: 532	FALSE	FALSE	
protocols.denovo_design.movers.FastDesign: 533	FALSE	FALSE	
protocols.denovo_design.movers.FastDesign: 534	FALSE	FALSE	
protocols.denovo_design.movers.FastDesign: 535	FALSE	FALSE	
protocols.denovo_design.movers.FastDesign: 536	FALSE	FALSE	
protocols.denovo_design.movers.FastDesign: 537	FALSE	FALSE	
protocols.denovo_design.movers.FastDesign: 538	FALSE	FALSE	
protocols.denovo_design.movers.FastDesign: 539	FALSE	FALSE	
protocols.denovo_design.movers.FastDesign: 540	FALSE	FALSE	
protocols.denovo_design.movers.FastDesign: 541	FALSE	FALSE	
protocols.denovo_design.movers.FastDesign: 542	FALSE	FALSE	
protocols.denovo_design.movers.FastDesign: 543	FALSE	FALSE	
protocols.denovo_design.movers.FastDesign: 544	FALSE	FALSE	
protocols.denovo_design.movers.FastDesign: 545	FALSE	FALSE	
protocols.denovo_design.movers.FastDesign: 546	FALSE	FALSE	
protocols.denovo_design.movers.FastDesign: 547	FALSE	FALSE	
protocols.denovo_design.movers.FastDesign: 548	FALSE	FALSE	
protocols.denovo_design.movers.FastDesign: 549	FALSE	FALSE	
protocols.denovo_design.movers.FastDesign: 550	FALSE	FALSE	
protocols.denovo_design.movers.FastDesign: 551	FALSE	FALSE	
protocols.denovo_design.movers.FastDesign: 552	FALSE	FALSE	
protocols.denovo_design.movers.FastDesign: 553	FALSE	FALSE	
protocols.denovo_design.movers.FastDesign: 554	FALSE	FALSE	
protocols.denovo_design.movers.FastDesign: 555	FALSE	FALSE	
protocols.denovo_design.movers.FastDesign: 556	FALSE	FALSE	
protocols.denovo_design.movers.FastDesign: 557	FALSE	FALSE	
protocols.denovo_design.movers.FastDesign: 558	FALSE	FALSE	
protocols.denovo_design.movers.FastDesign: 559	FALSE	FALSE	
protocols.denovo_design.movers.FastDesign: 560	FALSE	FALSE	
protocols.denovo_design.movers.FastDesign: 561	FALSE	FALSE	
protocols.denovo_design.movers.FastDesign: 562	FALSE	FALSE	
protocols.denovo_design.movers.FastDesign: 563	FALSE	FALSE	
protocols.denovo_design.movers.FastDesign: 564	FALSE	FALSE	
protocols.denovo_design.movers.FastDesign: 565	FALSE	FALSE	
protocols.denovo_design.movers.FastDesign: 566	FALSE	FALSE	
protocols.denovo_design.movers.FastDesign: 567	FALSE	FALSE	
protocols.denovo_design.movers.FastDesign: 568	FALSE	FALSE	
protocols.denovo_design.movers.FastDesign: 569	FALSE	FALSE	
protocols.denovo_design.movers.FastDesign: 570	FALSE	FALSE	
protocols.denovo_design.movers.FastDesign: 571	FALSE	FALSE	
protocols.denovo_design.movers.FastDesign: 572	FALSE	FALSE	
protocols.denovo_design.movers.FastDesign: 573	FALSE	FALSE	
protocols.denovo_design.movers.FastDesign: 574	FALSE	FALSE	
protocols.denovo_design.movers.FastDesign: 575	FALSE	FALSE	
protocols.denovo_design.movers.FastDesign: 576	FALSE	FALSE	
protocols.denovo_design.movers.FastDesign: 577	FALSE	FALSE	
protocols.denovo_design.movers.FastDesign: 578	FALSE	FALSE	
protocols.denovo_design.movers.FastDesign: 579	FALSE	FALSE	
protocols.denovo_design.movers.FastDesign: 580	FALSE	FALSE	
protocols.denovo_design.movers.FastDesign: 581	FALSE	FALSE	
protocols.denovo_design.movers.FastDesign: 582	FALSE	FALSE	
protocols.denovo_design.movers.FastDesign: 583	FALSE	FALSE	
protocols.denovo_design.movers.FastDesign: 584	FALSE	FALSE	
protocols.denovo_design.movers.FastDesign: 585	FALSE	FALSE	
protocols.denovo_design.movers.FastDesign: 586	FALSE	FALSE	
protocols.denovo_design.movers.FastDesign: 587	FALSE	FALSE	
protocols.denovo_design.movers.FastDesign: 588	FALSE	FALSE	
protocols.denovo_design.movers.FastDesign: 589	FALSE	FALSE	
protocols.denovo_design.movers.FastDesign: 590	FALSE	FALSE	
protocols.denovo_design.movers.FastDesign: 591	FALSE	FALSE	
protocols.denovo_design.movers.FastDesign: 592	FALSE	FALSE	
protocols.denovo_design.movers.FastDesign: 593	FALSE	FALSE	
protocols.denovo_design.movers.FastDesign: 594	FALSE	FALSE	
protocols.denovo_design.movers.FastDesign: 595	FALSE	FALSE	
protocols.denovo_design.movers.FastDesign: 596	FALSE	FALSE	
protocols.denovo_design.movers.FastDesign: 597	FALSE	FALSE	
protocols.denovo_design.movers.FastDesign: 598	FALSE	FALSE	
protocols.denovo_design.movers.FastDesign: 599	FALSE	FALSE	
protocols.denovo_design.movers.FastDesign: 600	FALSE	FALSE	
protocols.denovo_design.movers.FastDesign: 601	FALSE	FALSE	
protocols.denovo_design.movers.FastDesign: 602	FALSE	FALSE	
protocols.denovo_design.movers.FastDesign: 603	FALSE	FALSE	
protocols.denovo_design.movers.FastDesign: 604	FALSE	FALSE	
protocols.denovo_design.movers.FastDesign: 605	FALSE	FALSE	
protocols.denovo_design.movers.FastDesign: 606	FALSE	FALSE	
protocols.denovo_design.movers.FastDesign: 607	FALSE	FALSE	
protocols.denovo_design.movers.FastDesign: 608	FALSE	FALSE	
protocols.denovo_design.movers.FastDesign: 609	FALSE	FALSE	
protocols.denovo_design.movers.FastDesign: 610	FALSE	FALSE	
protocols.denovo_design.movers.FastDesign: 611	FALSE	FALSE	
protocols.denovo_design.movers.FastDesign: 612	FALSE	FALSE	
protocols.denovo_design.movers.FastDesign: 613	FALSE	FALSE	
protocols.denovo_design.movers.FastDesign: 614	FALSE	FALSE	
protocols.denovo_design.movers.FastDesign: 615	FALSE	FALSE	
protocols.denovo_design.movers.FastDesign: 616	FALSE	FALSE	
protocols.denovo_design.movers.FastDesign: 617	FALSE	FALSE	
protocols.denovo_design.movers.FastDesign: 618	FALSE	FALSE	
protocols.denovo_design.movers.FastDesign: 619	FALSE	FALSE	
protocols.denovo_design.movers.FastDesign: 620	FALSE	FALSE	
protocols.denovo_design.movers.FastDesign: 621	FALSE	FALSE	
protocols.denovo_design.movers.FastDesign: 622	FALSE	FALSE	
protocols.denovo_design.movers.FastDesign: 623	FALSE	FALSE	
protocols.denovo_design.movers.FastDesign: 624	FALSE	FALSE	
protocols.denovo_design.movers.FastDesign: 625	FALSE	FALSE	
protocols.denovo_design.movers.FastDesign: 626	FALSE	FALSE	
protocols.denovo_design.movers.FastDesign: 627	FALSE	FALSE	
protocols.denovo_design.movers.FastDesign: 628	FALSE	FALSE	
protocols.denovo_design.movers.FastDesign: 629	FALSE	FALSE	
protocols.denovo_design.movers.FastDesign: 630	FALSE	FALSE	
protocols.denovo_design.movers.FastDesign: 631	FALSE	FALSE	
protocols.denovo_design.movers.FastDesign: 632	FALSE	FALSE	
protocols.denovo_design.movers.FastDesign: 633	FALSE	FALSE	
protocols.denovo_design.movers.FastDesign: 634	FALSE	FALSE	
protocols.denovo_design.movers.FastDesign: 635	FALSE	FALSE	
protocols.denovo_design.movers.FastDesign: 636	FALSE	FALSE	
protocols.denovo_design.movers.FastDesign: 637	FALSE	FALSE	
protocols.denovo_design.movers.FastDesign: 638	FALSE	FALSE	
protocols.denovo_design.movers.FastDesign: 639	FALSE	FALSE	
protocols.denovo_design.movers.FastDesign: 640	FALSE	FALSE	
protocols.denovo_design.movers.FastDesign: 641	FALSE	FALSE	
protocols.denovo_design.movers.FastDesign: 642	FALSE	FALSE	
protocols.denovo_design.movers.FastDesign: 643	FALSE	FALSE	
protocols.denovo_design.movers.FastDesign: 644	FALSE	FALSE	
protocols.denovo_design.movers.FastDesign: 645	FALSE	FALSE	
protocols.denovo_design.movers.FastDesign: 646	FALSE	FALSE	
protocols.denovo_design.movers.FastDesign: 647	FALSE	FALSE	
protocols.denovo_design.movers.FastDesign: 648	FALSE	FALSE	
protocols.denovo_design.movers.FastDesign: 649	FALSE	FALSE	
protocols.denovo_design.movers.FastDesign: 650	FALSE	FALSE	
protocols.denovo_design.movers.FastDesign: 651	FALSE	FALSE	
protocols.denovo_design.movers.FastDesign: 652	FALSE	FALSE	
protocols.denovo_design.movers.FastDesign: 653	FALSE	FALSE	
protocols.denovo_design.movers.FastDesign: 654	FALSE	FALSE	
protocols.denovo_design.movers.FastDesign: 655	FALSE	FALSE	
protocols.denovo_design.movers.FastDesign: 656	FALSE	FALSE	
protocols.denovo_design.movers.FastDesign: 657	FALSE	FALSE	
protocols.denovo_design.movers.FastDesign: 658	FALSE	FALSE	
protocols.denovo_design.movers.FastDesign: 659	FALSE	FALSE	
protocols.denovo_design.movers.FastDesign: 660	FALSE	FALSE	
protocols.denovo_design.movers.FastDesign: 661	FALSE	FALSE	
protocols.denovo_design.movers.FastDesign: 662	FALSE	FALSE	
protocols.denovo_design.movers.FastDesign: 663	FALSE	FALSE	
protocols.denovo_design.movers.FastDesign: 664	FALSE	FALSE	
protocols.denovo_design.movers.FastDesign: 665	FALSE	FALSE	
protocols.denovo_design.movers.FastDesign: 666	FALSE	FALSE	
protocols.denovo_design.movers.FastDesign: 667	FALSE	FALSE	
protocols.denovo_design.movers.FastDesign: 668	FALSE	FALSE	
protocols.denovo_design.movers.FastDesign: 669	FALSE	FALSE	
protocols.denovo_design.movers.FastDesign: 670	FALSE	FALSE	
protocols.denovo_design.movers.FastDesign: 671	FALSE	FALSE	
protocols.denovo_design.movers.FastDesign: 672	FALSE	FALSE	
protocols.denovo_design.movers.FastDesign: 673	FALSE	FALSE	
protocols.denovo_design.movers.FastDesign: 674	FALSE	FALSE	
protocols.denovo_design.movers.FastDesign: 675	FALSE	FALSE	
protocols.denovo_design.movers.FastDesign: 676	FALSE	FALSE	
protocols.denovo_design.movers.FastDesign: 677	FALSE	FALSE	
protocols.denovo_design.movers.FastDesign: 678	FALSE	FALSE	
protocols.denovo_design.movers.FastDesign: 679	FALSE	FALSE	
protocols.denovo_design.movers.FastDesign: 680	FALSE	FALSE	
protocols.denovo_design.movers.FastDesign: 681	FALSE	FALSE	
protocols.denovo_design.movers.FastDesign: 682	FALSE	FALSE	
protocols.denovo_design.movers.FastDesign: 683	FALSE	FALSE	
protocols.denovo_design.movers.FastDesign: 684	FALSE	FALSE	
protocols.denovo_design.movers.FastDesign: 685	FALSE	FALSE	
protocols.denovo_design.movers.FastDesign: 686	FALSE	FALSE	
protocols.denovo_design.movers.FastDesign: 687	FALSE	FALSE	
protocols.denovo_design.movers.FastDesign: 688	FALSE	FALSE	
protocols.denovo_design.movers.FastDesign: 689	FALSE	FALSE	
protocols.denovo_design.movers.FastDesign: 690	FALSE	FALSE	
protocols.denovo_design.movers.FastDesign: 691	FALSE	FALSE	
protocols.denovo_design.movers.FastDesign: 692	FALSE	FALSE	
protocols.denovo_design.movers.FastDesign: 693	FALSE	FALSE	
protocols.denovo_design.movers.FastDesign: 694	FALSE	FALSE	
protocols.denovo_design.movers.FastDesign: 695	FALSE	FALSE	
protocols.denovo_design.movers.FastDesign: 696	FALSE	FALSE	
protocols.denovo_design.movers.FastDesign: 697	FALSE	FALSE	
protocols.denovo_design.movers.FastDesign: 698	FALSE	FALSE	
protocols.denovo_design.movers.FastDesign: 699	FALSE	FALSE	
protocols.denovo_design.movers.FastDesign: 700	FALSE	FALSE	
protocols.denovo_design.movers.FastDesign: 701	FALSE	FALSE	
protocols.denovo_design.movers.FastDesign: 702	FALSE	FALSE	
protocols.denovo_design.movers.FastDesign: 703	FALSE	FALSE	
protocols.denovo_design.movers.FastDesign: 704	FALSE	FALSE	
protocols.denovo_design.movers.FastDesign: 705	FALSE	FALSE	
protocols.denovo_design.movers.FastDesign: 706	FALSE	FALSE	
protocols.denovo_design.movers.FastDesign: 707	FALSE	FALSE	
protocols.denovo_design.movers.FastDesign: 708	FALSE	FALSE	
protocols.denovo_design.movers.FastDesign: 709	FALSE	FALSE	
protocols.denovo_design.movers.FastDesign: 710	FALSE	FALSE	
protocols.denovo_design.movers.FastDesign: 711	FALSE	FALSE	
protocols.denovo_design.movers.FastDesign: 712	FALSE	FALSE	
protocols.denovo_design.movers.FastDesign: 713	FALSE	FALSE	
protocols.denovo_design.movers.FastDesign: 714	FALSE	FALSE	
protocols.denovo_design.movers.FastDesign: 715	FALSE	FALSE	
protocols.denovo_design.movers.FastDesign: 716	FALSE	FALSE	
protocols.denovo_design.movers.FastDesign: 717	FALSE	FALSE	
protocols.denovo_design.movers.FastDesign: 718	FALSE	FALSE	
protocols.denovo_design.movers.FastDesign: 719	FALSE	FALSE	
protocols.denovo_design.movers.FastDesign: 720	FALSE	FALSE	
protocols.denovo_design.movers.FastDesign: 721	FALSE	FALSE	
protocols.denovo_design.movers.FastDesign: 722	FALSE	FALSE	
protocols.denovo_design.movers.FastDesign: 723	FALSE	FALSE	
protocols.denovo_design.movers.FastDesign: 724	FALSE	FALSE	
protocols.denovo_design.movers.FastDesign: 725	FALSE	FALSE	
protocols.denovo_design.movers.FastDesign: 726	FALSE	FALSE	
protocols.denovo_design.movers.FastDesign: 727	FALSE	FALSE	
protocols.denovo_design.movers.FastDesign: 728	FALSE	FALSE	
protocols.denovo_design.movers.FastDesign: 729	FALSE	FALSE	
protocols.denovo_design.movers.FastDesign: 730	FALSE	FALSE	
protocols.denovo_design.movers.FastDesign: 731	FALSE	FALSE	
protocols.denovo_design.movers.FastDesign: 732	FALSE	FALSE	
protocols.denovo_design.movers.FastDesign: 733	FALSE	FALSE	
protocols.denovo_design.movers.FastDesign: 734	FALSE	FALSE	
protocols.denovo_design.movers.FastDesign: 735	FALSE	FALSE	
protocols.denovo_design.movers.FastDesign: 736	FALSE	FALSE	
protocols.denovo_design.movers.FastDesign: 737	FALSE	FALSE	
protocols.denovo_design.movers.FastDesign: 738	FALSE	FALSE	
protocols.denovo_design.movers.FastDesign: 739	FALSE	FALSE	
protocols.denovo_design.movers.FastDesign: 740	FALSE	FALSE	
protocols.denovo_design.movers.FastDesign: 741	FALSE	FALSE	
protocols.denovo_design.movers.FastDesign: 742	FALSE	FALSE	
protocols.denovo_design.movers.FastDesign: 743	FALSE	FALSE	
protocols.denovo_design.movers.FastDesign: 744	FALSE	FALSE	
protocols.denovo_design.movers.FastDesign: 745	FALSE	FALSE	
protocols.denovo_design.movers.FastDesign: 746	FALSE	FALSE	
protocols.denovo_design.movers.FastDesign: 747	FALSE	FALSE	
protocols.denovo_design.movers.FastDesign: 748	FALSE	FALSE	
protocols.denovo_design.movers.FastDesign: 749	FALSE	FALSE	
protocols.denovo_design.movers.FastDesign: 750	FALSE	FALSE	
protocols.denovo_design.movers.FastDesign: 751	FALSE	FALSE	
protocols.denovo_design.movers.FastDesign: 752	FALSE	FALSE	
protocols.denovo_design.movers.FastDesign: 753	FALSE	FALSE	
protocols.denovo_design.movers.FastDesign: 754	FALSE	FALSE	
protocols.denovo_design.movers.FastDesign: 755	FALSE	FALSE	
protocols.denovo_design.movers.FastDesign: 756	FALSE	FALSE	
protocols.denovo_design.movers.FastDesign: 757	FALSE	FALSE	
protocols.denovo_design.movers.FastDesign: 758	FALSE	FALSE	
protocols.denovo_design.movers.FastDesign: 759	FALSE	FALSE	
protocols.denovo_design.movers.FastDesign: 760	FALSE	FALSE	
protocols.denovo_design.movers.FastDesign: 761	FALSE	FALSE	
protocols.denovo_design.movers.FastDesign: 762	FALSE	FALSE	
protocols.denovo_design.movers.FastDesign: 763	FALSE	FALSE	
protocols.denovo_design.movers.FastDesign: 764	FALSE	FALSE	
protocols.denovo_design.movers.FastDesign: 765	FALSE	FALSE	
protocols.denovo_design.movers.FastDesign: 766	FALSE	FALSE	
protocols.denovo_design.movers.FastDesign: 767	FALSE	FALSE	
protocols.denovo_design.movers.FastDesign: 768	FALSE	FALSE	
protocols.denovo_design.movers.FastDesign: 769	FALSE	FALSE	
protocols.denovo_design.movers.FastDesign: 770	FALSE	FALSE	
protocols.denovo_design.movers.FastDesign: 771	FALSE	FALSE	
protocols.denovo_design.movers.FastDesign: 772	FALSE	FALSE	
protocols.denovo_design.movers.FastDesign: 773	FALSE	FALSE	
protocols.denovo_design.movers.FastDesign: 774	FALSE	FALSE	
protocols.denovo_design.movers.FastDesign: 775	FALSE	FALSE	
protocols.denovo_design.movers.FastDesign: 776	FALSE	FALSE	
protocols.denovo_design.movers.FastDesign: 777	FALSE	FALSE	
protocols.denovo_design.movers.FastDesign: 778	FALSE	FALSE	
protocols.denovo_design.movers.FastDesign: 779	FALSE	FALSE	
protocols.denovo_design.movers.FastDesign: 780	FALSE	FALSE	
protocols.denovo_design.movers.FastDesign: 781	FALSE	FALSE	
protocols.denovo_design.movers.FastDesign: 782	FALSE	FALSE	
protocols.denovo_design.movers.FastDesign: 783	FALSE	FALSE	
protocols.denovo_design.movers.FastDesign: 784	FALSE	FALSE	
protocols.denovo_design.movers.FastDesign: 785	FALSE	FALSE	
protocols.denovo_design.movers.FastDesign: 786	FALSE	FALSE	
protocols.denovo_design.movers.FastDesign: 787	FALSE	FALSE	
protocols.denovo_design.movers.FastDesign: 788	FALSE	FALSE	
protocols.denovo_design.movers.FastDesign: 789	FALSE	FALSE	
protocols.denovo_design.movers.FastDesign: 790	FALSE	FALSE	
protocols.denovo_design.movers.FastDesign: 791	FALSE	FALSE	
protocols.denovo_design.movers.FastDesign: 792	FALSE	FALSE	
protocols.denovo_design.movers.FastDesign: 793	FALSE	FALSE	
protocols.denovo_design.movers.FastDesign: 794	FALSE	FALSE	
protocols.denovo_design.movers.FastDesign: 795	FALSE	FALSE	
protocols.denovo_design.movers.FastDesign: 796	FALSE	FALSE	
protocols.denovo_design.movers.FastDesign: 797	FALSE	FALSE	
protocols.denovo_design.movers.FastDesign: 798	FALSE	FALSE	
protocols.denovo_design.movers.FastDesign: 799	FALSE	FALSE	
protocols.denovo_design.movers.FastDesign: 800	FALSE	FALSE	
protocols.denovo_design.movers.FastDesign: 801	FALSE	FALSE	
protocols.denovo_design.movers.FastDesign: 802	FALSE	FALSE	
protocols.denovo_design.movers.FastDesign: 803	FALSE	FALSE	
protocols.denovo_design.movers.FastDesign: 804	FALSE	FALSE	
protocols.denovo_design.movers.FastDesign: 805	FALSE	FALSE	
protocols.denovo_design.movers.FastDesign: 806	FALSE	FALSE	
protocols.denovo_design.movers.FastDesign: 807	FALSE	FALSE	
protocols.denovo_design.movers.FastDesign: 808	FALSE	FALSE	
protocols.denovo_design.movers.FastDesign: 809	FALSE	FALSE	
protocols.denovo_design.movers.FastDesign: 810	FALSE	FALSE	
protocols.denovo_design.movers.FastDesign: 811	FALSE	FALSE	
protocols.denovo_design.movers.FastDesign: 812	FALSE	FALSE	
protocols.denovo_design.movers.FastDesign: 813	FALSE	FALSE	
protocols.denovo_design.movers.FastDesign: 814	FALSE	FALSE	
protocols.denovo_design.movers.FastDesign: 815	FALSE	FALSE	
protocols.denovo_design.movers.FastDesign: 816	FALSE	FALSE	
protocols.denovo_design.movers.FastDesign: 817	FALSE	FALSE	
protocols.denovo_design.movers.FastDesign: 818	FALSE	FALSE	
protocols.denovo_design.movers.FastDesign: 819	FALSE	FALSE	
protocols.denovo_design.movers.FastDesign: 820	FALSE	FALSE	
protocols.denovo_design.movers.FastDesign: 821	FALSE	FALSE	
protocols.denovo_design.movers.FastDesign: 822	FALSE	FALSE	
protocols.denovo_design.movers.FastDesign: 823	FALSE	FALSE	
protocols.denovo_design.movers.FastDesign: 824	FALSE	FALSE	
protocols.denovo_design.movers.FastDesign: 825	FALSE	FALSE	
protocols.denovo_design.movers.FastDesign: 826	FALSE	FALSE	
protocols.denovo_design.movers.FastDesign: 827	FALSE	FALSE	
protocols.denovo_design.movers.FastDesign: 828	FALSE	FALSE	
protocols.denovo_design.movers.FastDesign: 829	FALSE	FALSE	
protocols.denovo_design.movers.FastDesign: 830	FALSE	FALSE	
protocols.denovo_design.movers.FastDesign: 831	FALSE	FALSE	
protocols.denovo_design.movers.FastDesign: 832	FALSE	FALSE	
protocols.denovo_design.movers.FastDesign: 833	FALSE	FALSE	
protocols.denovo_design.movers.FastDesign: 834	FALSE	FALSE	
protocols.denovo_design.movers.FastDesign: 835	FALSE	FALSE	
protocols.denovo_design.movers.FastDesign: 836	FALSE	FALSE	
protocols.denovo_design.movers.FastDesign: 837	FALSE	FALSE	
protocols.denovo_design.movers.FastDesign: 838	FALSE	FALSE	
protocols.denovo_design.movers.FastDesign: 839	FALSE	FALSE	
protocols.denovo_design.movers.FastDesign: 840	FALSE	FALSE	
protocols.denovo_design.movers.FastDesign: 841	FALSE	FALSE	
protocols.denovo_design.movers.FastDesign: 842	FALSE	FALSE	
protocols.denovo_design.movers.FastDesign: 843	FALSE	FALSE	
protocols.denovo_design.movers.FastDesign: 844	FALSE	FALSE	
protocols.denovo_design.movers.FastDesign: 845	FALSE	FALSE	
protocols.denovo_design.movers.FastDesign: 846	FALSE	FALSE	
protocols.denovo_design.movers.FastDesign: 847	FALSE	FALSE	
protocols.denovo_design.movers.FastDesign: 848	FALSE	FALSE	
protocols.denovo_design.movers.FastDesign: 849	FALSE	FALSE	
protocols.denovo_design.movers.FastDesign: 850	FALSE	FALSE	
protocols.denovo_design.movers.FastDesign: 851	FALSE	FALSE	
protocols.denovo_design.movers.FastDesign: 852	FALSE	FALSE	
protocols.denovo_design.movers.FastDesign: 853	FALSE	FALSE	
protocols.denovo_design.movers.FastDesign: 854	FALSE	FALSE	
protocols.denovo_design.movers.FastDesign: 855	FALSE	FALSE	
protocols.denovo_design.movers.FastDesign: 856	FALSE	FALSE	
protocols.denovo_design.movers.FastDesign: 857	FALSE	FALSE	
protocols.denovo_design.movers.FastDesign: 858	FALSE	FALSE	
protocols.denovo_design.movers.FastDesign: 859	FALSE	FALSE	
protocols.denovo_design.movers.FastDesign: 860	FALSE	FALSE	
protocols.denovo_design.movers.FastDesign: 861	FALSE	FALSE	
protocols.denovo_design.movers.FastDesign: 862	FALSE	FALSE	
basic.io.database: Database file opened: scoring/score_functions/elec_cp_reps.dat
core.scoring.elec.util: Read 40 countpair representative atoms
core.pack.dunbrack.RotamerLibrary: shapovalov_lib_fixes_enable option is true.
core.pack.dunbrack.RotamerLibrary: shapovalov_lib::shap_dun10_smooth_level of 1( aka lowest_smooth ) got activated.
core.pack.dunbrack.RotamerLibrary: Binary rotamer library selected: /dors/meilerlab/apps/rosetta/rosetta-3.13/main/database/rotamer/shapovalov/StpDwn_0-0-0/Dunbrack10.lib.bin
core.pack.dunbrack.RotamerLibrary: Using Dunbrack library binary file '/dors/meilerlab/apps/rosetta/rosetta-3.13/main/database/rotamer/shapovalov/StpDwn_0-0-0/Dunbrack10.lib.bin'.
core.pack.dunbrack.RotamerLibrary: Dunbrack 2010 library took 0.145038 seconds to load from binary
protocols.relax.FastRelax: CMD: repeat  -2540.1  0  0  0.55
protocols.denovo_design.movers.FastDesign: [coordinate:atom_pair:angle:dihedral] = 0.5 : 0 : 0 : 0
protocols.relax.FastRelax: CMD: coord_cst_weight  -2540.1  0  0  0.55
protocols.relax.FastRelax: CMD: scale:fa_rep  -2973.44  0  0  0.03245
core.pack.pack_rotamers: built 64 rotamers at 2 positions.
core.pack.interaction_graph.interaction_graph_factory: Instantiating PDInteractionGraph
protocols.relax.FastRelax: CMD: repack  -2966.75  0  0  0.03245
protocols.relax.FastRelax: CMD: scale:fa_rep  -2951.58  0  0  0.0506
Got some signal... It is:2
Signal 2 (SIGINT) means that the process was interrupted, usually by the user (e.g. Ctrl+C was pressed).
